17:23:13,929  INFO ManagerConnectionImpl:94 - Connecting to 192.168.87.101:5038
17:23:36,178  INFO ManagerConnectionImpl:94 - Connecting to 192.168.87.101:5038
17:26:12,495  INFO ManagerConnectionImpl:94 - Connecting to 192.168.87.101:5038
17:30:59,135  INFO ManagerConnectionImpl:94 - Connecting to 192.168.87.101:5038
17:31:35,144  INFO ManagerConnectionImpl:94 - Connecting to 192.168.87.101:5038
16:52:34,048  INFO ManagerConnectionImpl:94 - Connecting to localhost:5038
16:52:34,181  INFO ManagerConnectionImpl:94 - Connected via Asterisk Call Manager/1.3
16:52:34,265  INFO ManagerConnectionImpl:94 - Successfully logged in
16:52:34,295  INFO ManagerConnectionImpl:94 - Determined Asterisk version: Asterisk 1.6
16:52:34,394  INFO AsteriskServerImpl:94 - Initializing done
16:53:19,958  INFO ManagerConnectionImpl:94 - Connecting to localhost:5038
16:53:20,127  INFO ManagerConnectionImpl:94 - Connected via Asterisk Call Manager/1.3
16:53:20,531  INFO ManagerConnectionImpl:94 - Successfully logged in
16:53:20,564  INFO ManagerConnectionImpl:94 - Determined Asterisk version: Asterisk 1.6
16:53:20,951  INFO AsteriskServerImpl:94 - Initializing done
16:54:20,507  INFO ManagerConnectionImpl:94 - Connecting to localhost:5038
16:54:21,411  INFO ManagerConnectionImpl:94 - Connected via Asterisk Call Manager/1.3
16:54:21,497  INFO ManagerConnectionImpl:94 - Successfully logged in
16:54:21,533  INFO ManagerConnectionImpl:94 - Determined Asterisk version: Asterisk 1.6
16:54:21,579  WARN EventBuilderImpl:110 - Unable to set property 'connectedlinename' to '<unknown>' on org.asteriskjava.manager.event.StatusEvent: no setter. Please report at http://jira.reucon.org/browse/AJ
16:54:21,579  WARN EventBuilderImpl:110 - Unable to set property 'connectedlinenum' to '<unknown>' on org.asteriskjava.manager.event.StatusEvent: no setter. Please report at http://jira.reucon.org/browse/AJ
16:54:21,587  INFO ChannelManager:94 - Adding new channel SIP/H45-0000-00000006
16:54:21,649  INFO AsteriskServerImpl:94 - Initializing done
16:54:23,371  INFO ManagerConnectionImpl:94 - Closing socket.
16:54:23,423  INFO ManagerConnectionImpl:94 - Connecting to localhost:5038
16:54:23,469  INFO ManagerConnectionImpl:94 - Connected via Asterisk Call Manager/1.3
16:54:23,521  INFO ManagerConnectionImpl:94 - Successfully logged in
16:55:02,149  INFO ManagerConnectionImpl:94 - Connecting to localhost:5038
16:55:02,304  INFO ManagerConnectionImpl:94 - Connected via Asterisk Call Manager/1.3
16:55:02,389  INFO ManagerConnectionImpl:94 - Successfully logged in
16:55:02,429  INFO ManagerConnectionImpl:94 - Determined Asterisk version: Asterisk 1.6
16:55:02,462  WARN EventBuilderImpl:110 - Unable to set property 'connectedlinename' to '<unknown>' on org.asteriskjava.manager.event.StatusEvent: no setter. Please report at http://jira.reucon.org/browse/AJ
16:55:02,463  WARN EventBuilderImpl:110 - Unable to set property 'connectedlinenum' to '<unknown>' on org.asteriskjava.manager.event.StatusEvent: no setter. Please report at http://jira.reucon.org/browse/AJ
16:55:02,471  INFO ChannelManager:94 - Adding new channel SIP/H45-0000-00000006
16:55:02,544  INFO AsteriskServerImpl:94 - Initializing done
16:55:03,220  INFO ManagerConnectionImpl:94 - Closing socket.
16:55:03,273  INFO ManagerConnectionImpl:94 - Connecting to localhost:5038
16:59:35,406  INFO ManagerConnectionImpl:94 - Connecting to localhost:5038
16:59:35,536  INFO ManagerConnectionImpl:94 - Connected via Asterisk Call Manager/1.3
16:59:35,607  INFO ManagerConnectionImpl:94 - Successfully logged in
16:59:35,635  INFO ManagerConnectionImpl:94 - Determined Asterisk version: Asterisk 1.6
16:59:35,675  WARN EventBuilderImpl:110 - Unable to set property 'connectedlinename' to '<unknown>' on org.asteriskjava.manager.event.StatusEvent: no setter. Please report at http://jira.reucon.org/browse/AJ
16:59:35,676  WARN EventBuilderImpl:110 - Unable to set property 'connectedlinenum' to '<unknown>' on org.asteriskjava.manager.event.StatusEvent: no setter. Please report at http://jira.reucon.org/browse/AJ
16:59:35,683  INFO ChannelManager:94 - Adding new channel SIP/H45-0000-00000006
16:59:35,748  INFO AsteriskServerImpl:94 - Initializing done
16:59:35,781  INFO ManagerConnectionImpl:94 - Closing socket.
16:59:35,833  INFO ManagerConnectionImpl:94 - Connecting to localhost:5038
16:59:35,892  INFO ManagerConnectionImpl:94 - Connected via Asterisk Call Manager/1.3
17:01:43,720  INFO ManagerConnectionImpl:94 - Connecting to localhost:5038
17:01:43,897  INFO ManagerConnectionImpl:94 - Connected via Asterisk Call Manager/1.3
17:01:43,971  INFO ManagerConnectionImpl:94 - Successfully logged in
17:01:43,990  INFO ManagerConnectionImpl:94 - Determined Asterisk version: Asterisk 1.6
17:01:44,021  WARN EventBuilderImpl:110 - Unable to set property 'connectedlinename' to '<unknown>' on org.asteriskjava.manager.event.StatusEvent: no setter. Please report at http://jira.reucon.org/browse/AJ
17:01:44,022  WARN EventBuilderImpl:110 - Unable to set property 'connectedlinenum' to '<unknown>' on org.asteriskjava.manager.event.StatusEvent: no setter. Please report at http://jira.reucon.org/browse/AJ
17:01:44,030  INFO ChannelManager:94 - Adding new channel SIP/H45-0000-00000006
17:01:44,101  INFO AsteriskServerImpl:94 - Initializing done
17:04:05,884  INFO ManagerConnectionImpl:94 - Connecting to localhost:5038
17:04:06,013  INFO ManagerConnectionImpl:94 - Connected via Asterisk Call Manager/1.3
17:04:06,092  INFO ManagerConnectionImpl:94 - Successfully logged in
17:04:06,130  INFO ManagerConnectionImpl:94 - Determined Asterisk version: Asterisk 1.6
17:04:06,164  WARN EventBuilderImpl:110 - Unable to set property 'connectedlinename' to '<unknown>' on org.asteriskjava.manager.event.StatusEvent: no setter. Please report at http://jira.reucon.org/browse/AJ
17:04:06,165  WARN EventBuilderImpl:110 - Unable to set property 'connectedlinenum' to '<unknown>' on org.asteriskjava.manager.event.StatusEvent: no setter. Please report at http://jira.reucon.org/browse/AJ
17:04:06,172  INFO ChannelManager:94 - Adding new channel SIP/H45-0000-00000006
17:04:06,238  INFO AsteriskServerImpl:94 - Initializing done
17:06:37,741  INFO ManagerConnectionImpl:94 - Connecting to localhost:5038
17:06:37,912  INFO ManagerConnectionImpl:94 - Connected via Asterisk Call Manager/1.3
17:06:37,993  INFO ManagerConnectionImpl:94 - Successfully logged in
17:06:38,045  INFO ManagerConnectionImpl:94 - Determined Asterisk version: Asterisk 1.6
17:06:38,083  WARN EventBuilderImpl:110 - Unable to set property 'connectedlinename' to '<unknown>' on org.asteriskjava.manager.event.StatusEvent: no setter. Please report at http://jira.reucon.org/browse/AJ
17:06:38,084  WARN EventBuilderImpl:110 - Unable to set property 'connectedlinenum' to '<unknown>' on org.asteriskjava.manager.event.StatusEvent: no setter. Please report at http://jira.reucon.org/browse/AJ
17:06:38,092  INFO ChannelManager:94 - Adding new channel SIP/H45-0000-00000006
17:07:11,620  INFO AsteriskServerImpl:94 - Initializing done
17:08:12,765  INFO ManagerConnectionImpl:94 - Connecting to localhost:5038
17:08:12,940  INFO ManagerConnectionImpl:94 - Connected via Asterisk Call Manager/1.3
17:08:13,022  INFO ManagerConnectionImpl:94 - Successfully logged in
17:08:13,058  INFO ManagerConnectionImpl:94 - Determined Asterisk version: Asterisk 1.6
17:08:13,092  WARN EventBuilderImpl:110 - Unable to set property 'connectedlinename' to '<unknown>' on org.asteriskjava.manager.event.StatusEvent: no setter. Please report at http://jira.reucon.org/browse/AJ
17:08:13,092  WARN EventBuilderImpl:110 - Unable to set property 'connectedlinenum' to '<unknown>' on org.asteriskjava.manager.event.StatusEvent: no setter. Please report at http://jira.reucon.org/browse/AJ
17:08:13,099  INFO ChannelManager:94 - Adding new channel SIP/H45-0000-00000006
17:08:13,179  INFO AsteriskServerImpl:94 - Initializing done
17:08:20,551  INFO ManagerConnectionImpl:94 - Connecting to localhost:5038
17:08:20,715  INFO ManagerConnectionImpl:94 - Connected via Asterisk Call Manager/1.3
17:08:20,773  INFO ManagerConnectionImpl:94 - Successfully logged in
17:08:20,807  INFO ManagerConnectionImpl:94 - Determined Asterisk version: Asterisk 1.6
17:08:20,847  WARN EventBuilderImpl:110 - Unable to set property 'connectedlinename' to '<unknown>' on org.asteriskjava.manager.event.StatusEvent: no setter. Please report at http://jira.reucon.org/browse/AJ
17:08:20,847  WARN EventBuilderImpl:110 - Unable to set property 'connectedlinenum' to '<unknown>' on org.asteriskjava.manager.event.StatusEvent: no setter. Please report at http://jira.reucon.org/browse/AJ
17:08:20,855  INFO ChannelManager:94 - Adding new channel SIP/H45-0000-00000006
17:08:33,086  INFO AsteriskServerImpl:94 - Initializing done
17:10:35,737  INFO ManagerConnectionImpl:94 - Connecting to localhost:5038
17:10:35,889  INFO ManagerConnectionImpl:94 - Connected via Asterisk Call Manager/1.3
17:10:36,004  INFO ManagerConnectionImpl:94 - Successfully logged in
17:10:36,044  INFO ManagerConnectionImpl:94 - Determined Asterisk version: Asterisk 1.6
17:10:36,087  WARN EventBuilderImpl:110 - Unable to set property 'connectedlinename' to '<unknown>' on org.asteriskjava.manager.event.StatusEvent: no setter. Please report at http://jira.reucon.org/browse/AJ
17:10:36,087  WARN EventBuilderImpl:110 - Unable to set property 'connectedlinenum' to '<unknown>' on org.asteriskjava.manager.event.StatusEvent: no setter. Please report at http://jira.reucon.org/browse/AJ
17:10:36,095  INFO ChannelManager:94 - Adding new channel SIP/H45-0000-00000006
17:10:36,192  INFO AsteriskServerImpl:94 - Initializing done
17:18:02,382  INFO ManagerConnectionImpl:94 - Connecting to localhost:5038
17:18:04,484  INFO ManagerConnectionImpl:94 - Closing socket.
17:18:04,485  INFO ManagerReaderImpl:94 - Terminating reader thread: Socket closed
17:19:16,849  INFO ManagerConnectionImpl:94 - Connecting to localhost:5038
17:19:16,980  INFO ManagerConnectionImpl:94 - Connected via Asterisk Call Manager/1.3
17:19:17,058  INFO ManagerConnectionImpl:94 - Successfully logged in
17:19:17,089  INFO ManagerConnectionImpl:94 - Determined Asterisk version: Asterisk 1.6
17:19:17,127  WARN EventBuilderImpl:110 - Unable to set property 'connectedlinename' to '<unknown>' on org.asteriskjava.manager.event.StatusEvent: no setter. Please report at http://jira.reucon.org/browse/AJ
17:19:17,128  WARN EventBuilderImpl:110 - Unable to set property 'connectedlinenum' to '<unknown>' on org.asteriskjava.manager.event.StatusEvent: no setter. Please report at http://jira.reucon.org/browse/AJ
17:19:17,135  INFO ChannelManager:94 - Adding new channel SIP/H45-0000-00000007
17:19:17,209  INFO AsteriskServerImpl:94 - Initializing done
07:26:01,460  INFO ManagerConnectionImpl:94 - Connecting to localhost:5038
07:26:03,575  INFO ManagerConnectionImpl:94 - Closing socket.
07:26:03,576  INFO ManagerReaderImpl:94 - Terminating reader thread: Socket closed
08:39:19,082  INFO StandaloneMockMvcBuilder$StaticRequestMappingHandlerMapping:182 - Mapped "{[/rooms/{roomNo}],methods=[],params=[],headers=[],consumes=[],produces=[application/json],custom=[]}" onto public dk.drb.blacktiger.model.Room dk.drb.blacktiger.controller.RoomController.get(java.lang.String)
08:39:19,085  INFO StandaloneMockMvcBuilder$StaticRequestMappingHandlerMapping:182 - Mapped "{[/rooms],methods=[],params=[],headers=[],consumes=[],produces=[],custom=[]}" onto public java.util.List<dk.drb.blacktiger.model.Room> dk.drb.blacktiger.controller.RoomController.getRooms()
08:39:19,291  INFO MockServletContext:430 - Initializing Spring FrameworkServlet ''
08:39:19,292  INFO TestDispatcherServlet:479 - FrameworkServlet '': initialization started
08:39:19,295  INFO TestDispatcherServlet:498 - FrameworkServlet '': initialization completed in 3 ms
08:39:19,357  WARN PageNotFound:1118 - No mapping found for HTTP request with URI [/room] in DispatcherServlet with name ''
08:39:21,146  INFO ManagerConnectionImpl:94 - Connecting to localhost:5038
08:39:51,720  INFO StandaloneMockMvcBuilder$StaticRequestMappingHandlerMapping:182 - Mapped "{[/rooms/{roomNo}],methods=[],params=[],headers=[],consumes=[],produces=[application/json],custom=[]}" onto public dk.drb.blacktiger.model.Room dk.drb.blacktiger.controller.RoomController.get(java.lang.String)
08:39:51,723  INFO StandaloneMockMvcBuilder$StaticRequestMappingHandlerMapping:182 - Mapped "{[/rooms],methods=[],params=[],headers=[],consumes=[],produces=[],custom=[]}" onto public java.util.List<dk.drb.blacktiger.model.Room> dk.drb.blacktiger.controller.RoomController.getRooms()
08:39:51,927  INFO MockServletContext:430 - Initializing Spring FrameworkServlet ''
08:39:51,928  INFO TestDispatcherServlet:479 - FrameworkServlet '': initialization started
08:39:51,932  INFO TestDispatcherServlet:498 - FrameworkServlet '': initialization completed in 4 ms
08:39:51,989  WARN PageNotFound:1118 - No mapping found for HTTP request with URI [/room] in DispatcherServlet with name ''
16:47:25,188  INFO StandaloneMockMvcBuilder$StaticRequestMappingHandlerMapping:182 - Mapped "{[/rooms/{roomNo}],methods=[],params=[],headers=[],consumes=[],produces=[application/json],custom=[]}" onto public dk.drb.blacktiger.model.Room dk.drb.blacktiger.controller.RoomController.get(java.lang.String)
16:47:25,192  INFO StandaloneMockMvcBuilder$StaticRequestMappingHandlerMapping:182 - Mapped "{[/rooms],methods=[],params=[],headers=[],consumes=[],produces=[],custom=[]}" onto public java.util.List<dk.drb.blacktiger.model.Room> dk.drb.blacktiger.controller.RoomController.getRooms()
16:47:25,397  INFO MockServletContext:430 - Initializing Spring FrameworkServlet ''
16:47:25,397  INFO TestDispatcherServlet:479 - FrameworkServlet '': initialization started
16:47:25,401  INFO TestDispatcherServlet:498 - FrameworkServlet '': initialization completed in 3 ms
16:47:25,459  WARN PageNotFound:1118 - No mapping found for HTTP request with URI [/room] in DispatcherServlet with name ''
16:48:01,911  INFO StandaloneMockMvcBuilder$StaticRequestMappingHandlerMapping:182 - Mapped "{[/rooms/{roomNo}],methods=[],params=[],headers=[],consumes=[],produces=[application/json],custom=[]}" onto public dk.drb.blacktiger.model.Room dk.drb.blacktiger.controller.RoomController.get(java.lang.String)
16:48:01,914  INFO StandaloneMockMvcBuilder$StaticRequestMappingHandlerMapping:182 - Mapped "{[/rooms],methods=[],params=[],headers=[],consumes=[],produces=[],custom=[]}" onto public java.util.List<dk.drb.blacktiger.model.Room> dk.drb.blacktiger.controller.RoomController.getRooms()
16:48:02,139  INFO MockServletContext:430 - Initializing Spring FrameworkServlet ''
16:48:02,140  INFO TestDispatcherServlet:479 - FrameworkServlet '': initialization started
16:48:02,144  INFO TestDispatcherServlet:498 - FrameworkServlet '': initialization completed in 4 ms
16:48:07,026  WARN PageNotFound:1118 - No mapping found for HTTP request with URI [/room] in DispatcherServlet with name ''
16:48:28,507  INFO StandaloneMockMvcBuilder$StaticRequestMappingHandlerMapping:182 - Mapped "{[/rooms/{roomNo}],methods=[],params=[],headers=[],consumes=[],produces=[application/json],custom=[]}" onto public dk.drb.blacktiger.model.Room dk.drb.blacktiger.controller.RoomController.get(java.lang.String)
16:48:28,511  INFO StandaloneMockMvcBuilder$StaticRequestMappingHandlerMapping:182 - Mapped "{[/rooms],methods=[],params=[],headers=[],consumes=[],produces=[],custom=[]}" onto public java.util.List<dk.drb.blacktiger.model.Room> dk.drb.blacktiger.controller.RoomController.getRooms()
16:48:28,706  INFO MockServletContext:430 - Initializing Spring FrameworkServlet ''
16:48:28,706  INFO TestDispatcherServlet:479 - FrameworkServlet '': initialization started
16:48:28,710  INFO TestDispatcherServlet:498 - FrameworkServlet '': initialization completed in 4 ms
16:48:28,779 DEBUG RoomController:38 - Got request for all rooms.
16:51:35,733  INFO StandaloneMockMvcBuilder$StaticRequestMappingHandlerMapping:182 - Mapped "{[/rooms/{roomNo}],methods=[],params=[],headers=[],consumes=[],produces=[application/json],custom=[]}" onto public dk.drb.blacktiger.model.Room dk.drb.blacktiger.controller.RoomController.get(java.lang.String)
16:51:35,736  INFO StandaloneMockMvcBuilder$StaticRequestMappingHandlerMapping:182 - Mapped "{[/rooms],methods=[],params=[],headers=[],consumes=[],produces=[],custom=[]}" onto public java.util.List<dk.drb.blacktiger.model.Room> dk.drb.blacktiger.controller.RoomController.getRooms()
16:51:35,931  INFO MockServletContext:430 - Initializing Spring FrameworkServlet ''
16:51:35,932  INFO TestDispatcherServlet:479 - FrameworkServlet '': initialization started
16:51:35,935  INFO TestDispatcherServlet:498 - FrameworkServlet '': initialization completed in 3 ms
16:51:36,004 DEBUG RoomController:38 - Got request for all rooms.
17:00:05,451  INFO StandaloneMockMvcBuilder$StaticRequestMappingHandlerMapping:182 - Mapped "{[/rooms/{roomNo}],methods=[],params=[],headers=[],consumes=[],produces=[application/json],custom=[]}" onto public dk.drb.blacktiger.model.Room dk.drb.blacktiger.controller.RoomController.get(java.lang.String)
17:00:05,454  INFO StandaloneMockMvcBuilder$StaticRequestMappingHandlerMapping:182 - Mapped "{[/rooms],methods=[],params=[],headers=[],consumes=[],produces=[],custom=[]}" onto public java.util.List<dk.drb.blacktiger.model.Room> dk.drb.blacktiger.controller.RoomController.getRooms()
17:00:05,652  INFO MockServletContext:430 - Initializing Spring FrameworkServlet ''
17:00:05,652  INFO TestDispatcherServlet:479 - FrameworkServlet '': initialization started
17:00:05,656  INFO TestDispatcherServlet:498 - FrameworkServlet '': initialization completed in 4 ms
17:00:05,724 DEBUG RoomController:38 - Got request for all rooms.
17:07:10,226  INFO StandaloneMockMvcBuilder$StaticRequestMappingHandlerMapping:182 - Mapped "{[/rooms/{roomNo}],methods=[],params=[],headers=[],consumes=[],produces=[application/json],custom=[]}" onto public dk.drb.blacktiger.model.Room dk.drb.blacktiger.controller.RoomController.get(java.lang.String)
17:07:10,229  INFO StandaloneMockMvcBuilder$StaticRequestMappingHandlerMapping:182 - Mapped "{[/rooms],methods=[],params=[],headers=[],consumes=[],produces=[],custom=[]}" onto public java.util.List<dk.drb.blacktiger.model.Room> dk.drb.blacktiger.controller.RoomController.getRooms()
17:07:10,425  INFO MockServletContext:430 - Initializing Spring FrameworkServlet ''
17:07:10,426  INFO TestDispatcherServlet:479 - FrameworkServlet '': initialization started
17:07:10,429  INFO TestDispatcherServlet:498 - FrameworkServlet '': initialization completed in 3 ms
17:07:10,497 DEBUG RoomController:38 - Got request for all rooms.
17:12:48,060  INFO StandaloneMockMvcBuilder$StaticRequestMappingHandlerMapping:182 - Mapped "{[/rooms/{roomNo}],methods=[],params=[],headers=[],consumes=[],produces=[application/json],custom=[]}" onto public dk.drb.blacktiger.model.Room dk.drb.blacktiger.controller.RoomController.get(java.lang.String)
17:12:48,063  INFO StandaloneMockMvcBuilder$StaticRequestMappingHandlerMapping:182 - Mapped "{[/rooms],methods=[],params=[],headers=[],consumes=[],produces=[],custom=[]}" onto public java.util.List<dk.drb.blacktiger.model.Room> dk.drb.blacktiger.controller.RoomController.getRooms()
17:12:48,260  INFO MockServletContext:430 - Initializing Spring FrameworkServlet ''
17:12:48,260  INFO TestDispatcherServlet:479 - FrameworkServlet '': initialization started
17:12:48,264  INFO TestDispatcherServlet:498 - FrameworkServlet '': initialization completed in 3 ms
17:12:48,333 DEBUG RoomController:38 - Got request for all rooms.
17:12:48,419  INFO StandaloneMockMvcBuilder$StaticRequestMappingHandlerMapping:182 - Mapped "{[/rooms/{roomNo}],methods=[],params=[],headers=[],consumes=[],produces=[application/json],custom=[]}" onto public dk.drb.blacktiger.model.Room dk.drb.blacktiger.controller.RoomController.get(java.lang.String)
17:12:48,419  INFO StandaloneMockMvcBuilder$StaticRequestMappingHandlerMapping:182 - Mapped "{[/rooms],methods=[],params=[],headers=[],consumes=[],produces=[],custom=[]}" onto public java.util.List<dk.drb.blacktiger.model.Room> dk.drb.blacktiger.controller.RoomController.getRooms()
17:12:48,440  INFO MockServletContext:430 - Initializing Spring FrameworkServlet ''
17:12:48,441  INFO TestDispatcherServlet:479 - FrameworkServlet '': initialization started
17:12:48,441  INFO TestDispatcherServlet:498 - FrameworkServlet '': initialization completed in 0 ms
17:14:54,784  INFO StandaloneMockMvcBuilder$StaticRequestMappingHandlerMapping:182 - Mapped "{[/rooms/{roomNo}],methods=[],params=[],headers=[],consumes=[],produces=[application/json],custom=[]}" onto public dk.drb.blacktiger.model.Room dk.drb.blacktiger.controller.RoomController.get(java.lang.String)
17:14:54,787  INFO StandaloneMockMvcBuilder$StaticRequestMappingHandlerMapping:182 - Mapped "{[/rooms],methods=[],params=[],headers=[],consumes=[],produces=[],custom=[]}" onto public java.util.List<dk.drb.blacktiger.model.Room> dk.drb.blacktiger.controller.RoomController.getRooms()
17:14:54,986  INFO MockServletContext:430 - Initializing Spring FrameworkServlet ''
17:14:54,987  INFO TestDispatcherServlet:479 - FrameworkServlet '': initialization started
17:14:54,990  INFO TestDispatcherServlet:498 - FrameworkServlet '': initialization completed in 3 ms
17:14:55,060 DEBUG RoomController:38 - Got request for all rooms.
17:14:55,146  INFO StandaloneMockMvcBuilder$StaticRequestMappingHandlerMapping:182 - Mapped "{[/rooms/{roomNo}],methods=[],params=[],headers=[],consumes=[],produces=[application/json],custom=[]}" onto public dk.drb.blacktiger.model.Room dk.drb.blacktiger.controller.RoomController.get(java.lang.String)
17:14:55,146  INFO StandaloneMockMvcBuilder$StaticRequestMappingHandlerMapping:182 - Mapped "{[/rooms],methods=[],params=[],headers=[],consumes=[],produces=[],custom=[]}" onto public java.util.List<dk.drb.blacktiger.model.Room> dk.drb.blacktiger.controller.RoomController.getRooms()
17:14:55,167  INFO MockServletContext:430 - Initializing Spring FrameworkServlet ''
17:14:55,167  INFO TestDispatcherServlet:479 - FrameworkServlet '': initialization started
17:14:55,168  INFO TestDispatcherServlet:498 - FrameworkServlet '': initialization completed in 0 ms
17:14:55,194 DEBUG RoomController:45 - Got request for specific room '1'.
17:14:55,229  INFO ManagerConnectionImpl:94 - Connecting to localhost:5038
17:16:40,250  INFO StandaloneMockMvcBuilder$StaticRequestMappingHandlerMapping:182 - Mapped "{[/rooms/{roomNo}],methods=[],params=[],headers=[],consumes=[],produces=[application/json],custom=[]}" onto public dk.drb.blacktiger.model.Room dk.drb.blacktiger.controller.RoomController.get(java.lang.String)
17:16:40,253  INFO StandaloneMockMvcBuilder$StaticRequestMappingHandlerMapping:182 - Mapped "{[/rooms],methods=[],params=[],headers=[],consumes=[],produces=[],custom=[]}" onto public java.util.List<dk.drb.blacktiger.model.Room> dk.drb.blacktiger.controller.RoomController.getRooms()
17:16:40,445  INFO MockServletContext:430 - Initializing Spring FrameworkServlet ''
17:16:40,446  INFO TestDispatcherServlet:479 - FrameworkServlet '': initialization started
17:16:40,449  INFO TestDispatcherServlet:498 - FrameworkServlet '': initialization completed in 3 ms
17:16:40,519 DEBUG RoomController:38 - Got request for all rooms.
17:16:40,603  INFO StandaloneMockMvcBuilder$StaticRequestMappingHandlerMapping:182 - Mapped "{[/rooms/{roomNo}],methods=[],params=[],headers=[],consumes=[],produces=[application/json],custom=[]}" onto public dk.drb.blacktiger.model.Room dk.drb.blacktiger.controller.RoomController.get(java.lang.String)
17:16:40,603  INFO StandaloneMockMvcBuilder$StaticRequestMappingHandlerMapping:182 - Mapped "{[/rooms],methods=[],params=[],headers=[],consumes=[],produces=[],custom=[]}" onto public java.util.List<dk.drb.blacktiger.model.Room> dk.drb.blacktiger.controller.RoomController.getRooms()
17:16:40,625  INFO MockServletContext:430 - Initializing Spring FrameworkServlet ''
17:16:40,625  INFO TestDispatcherServlet:479 - FrameworkServlet '': initialization started
17:16:40,626  INFO TestDispatcherServlet:498 - FrameworkServlet '': initialization completed in 0 ms
17:16:40,653 DEBUG RoomController:45 - Got request for specific room '1'.
17:16:40,682  INFO ManagerConnectionImpl:94 - Connecting to localhost:5038
17:17:02,121  INFO StandaloneMockMvcBuilder$StaticRequestMappingHandlerMapping:182 - Mapped "{[/rooms/{roomNo}],methods=[],params=[],headers=[],consumes=[],produces=[application/json],custom=[]}" onto public dk.drb.blacktiger.model.Room dk.drb.blacktiger.controller.RoomController.get(java.lang.String)
17:17:02,124  INFO StandaloneMockMvcBuilder$StaticRequestMappingHandlerMapping:182 - Mapped "{[/rooms],methods=[],params=[],headers=[],consumes=[],produces=[],custom=[]}" onto public java.util.List<dk.drb.blacktiger.model.Room> dk.drb.blacktiger.controller.RoomController.getRooms()
17:17:02,316  INFO MockServletContext:430 - Initializing Spring FrameworkServlet ''
17:17:02,316  INFO TestDispatcherServlet:479 - FrameworkServlet '': initialization started
17:17:02,320  INFO TestDispatcherServlet:498 - FrameworkServlet '': initialization completed in 3 ms
17:17:02,388 DEBUG RoomController:38 - Got request for all rooms.
17:17:02,472  INFO StandaloneMockMvcBuilder$StaticRequestMappingHandlerMapping:182 - Mapped "{[/rooms/{roomNo}],methods=[],params=[],headers=[],consumes=[],produces=[application/json],custom=[]}" onto public dk.drb.blacktiger.model.Room dk.drb.blacktiger.controller.RoomController.get(java.lang.String)
17:17:02,472  INFO StandaloneMockMvcBuilder$StaticRequestMappingHandlerMapping:182 - Mapped "{[/rooms],methods=[],params=[],headers=[],consumes=[],produces=[],custom=[]}" onto public java.util.List<dk.drb.blacktiger.model.Room> dk.drb.blacktiger.controller.RoomController.getRooms()
17:17:02,493  INFO MockServletContext:430 - Initializing Spring FrameworkServlet ''
17:17:02,493  INFO TestDispatcherServlet:479 - FrameworkServlet '': initialization started
17:17:02,494  INFO TestDispatcherServlet:498 - FrameworkServlet '': initialization completed in 0 ms
17:17:02,519 DEBUG RoomController:45 - Got request for specific room '1'.
17:17:03,537  INFO StandaloneMockMvcBuilder$StaticRequestMappingHandlerMapping:182 - Mapped "{[/rooms/{roomNo}],methods=[],params=[],headers=[],consumes=[],produces=[application/json],custom=[]}" onto public dk.drb.blacktiger.model.Room dk.drb.blacktiger.controller.RoomController.get(java.lang.String)
17:17:03,541  INFO StandaloneMockMvcBuilder$StaticRequestMappingHandlerMapping:182 - Mapped "{[/rooms],methods=[],params=[],headers=[],consumes=[],produces=[],custom=[]}" onto public java.util.List<dk.drb.blacktiger.model.Room> dk.drb.blacktiger.controller.RoomController.getRooms()
17:17:03,737  INFO MockServletContext:430 - Initializing Spring FrameworkServlet ''
17:17:03,738  INFO TestDispatcherServlet:479 - FrameworkServlet '': initialization started
17:17:03,742  INFO TestDispatcherServlet:498 - FrameworkServlet '': initialization completed in 4 ms
17:17:03,814 DEBUG RoomController:38 - Got request for all rooms.
17:17:03,901  INFO StandaloneMockMvcBuilder$StaticRequestMappingHandlerMapping:182 - Mapped "{[/rooms/{roomNo}],methods=[],params=[],headers=[],consumes=[],produces=[application/json],custom=[]}" onto public dk.drb.blacktiger.model.Room dk.drb.blacktiger.controller.RoomController.get(java.lang.String)
17:17:03,902  INFO StandaloneMockMvcBuilder$StaticRequestMappingHandlerMapping:182 - Mapped "{[/rooms],methods=[],params=[],headers=[],consumes=[],produces=[],custom=[]}" onto public java.util.List<dk.drb.blacktiger.model.Room> dk.drb.blacktiger.controller.RoomController.getRooms()
17:17:03,922  INFO MockServletContext:430 - Initializing Spring FrameworkServlet ''
17:17:03,922  INFO TestDispatcherServlet:479 - FrameworkServlet '': initialization started
17:17:03,923  INFO TestDispatcherServlet:498 - FrameworkServlet '': initialization completed in 1 ms
17:17:03,949 DEBUG RoomController:45 - Got request for specific room '1'.
17:45:37,630  INFO StandaloneMockMvcBuilder$StaticRequestMappingHandlerMapping:182 - Mapped "{[/rooms/{roomNo}],methods=[],params=[],headers=[],consumes=[],produces=[application/json],custom=[]}" onto public dk.drb.blacktiger.model.Room dk.drb.blacktiger.controller.RoomController.get(java.lang.String)
17:45:37,633  INFO StandaloneMockMvcBuilder$StaticRequestMappingHandlerMapping:182 - Mapped "{[/rooms],methods=[],params=[],headers=[],consumes=[],produces=[],custom=[]}" onto public java.util.List<dk.drb.blacktiger.model.Room> dk.drb.blacktiger.controller.RoomController.getRooms()
17:45:37,829  INFO MockServletContext:430 - Initializing Spring FrameworkServlet ''
17:45:37,829  INFO TestDispatcherServlet:479 - FrameworkServlet '': initialization started
17:45:37,833  INFO TestDispatcherServlet:498 - FrameworkServlet '': initialization completed in 3 ms
17:45:37,891  WARN PageNotFound:1118 - No mapping found for HTTP request with URI [/system/information] in DispatcherServlet with name ''
17:46:02,670  INFO StandaloneMockMvcBuilder$StaticRequestMappingHandlerMapping:182 - Mapped "{[/system/information],methods=[],params=[],headers=[],consumes=[],produces=[application/json],custom=[]}" onto public java.util.Map dk.drb.blacktiger.controller.SystemController.getInformation(java.lang.String)
17:46:02,871  INFO MockServletContext:430 - Initializing Spring FrameworkServlet ''
17:46:02,871  INFO TestDispatcherServlet:479 - FrameworkServlet '': initialization started
17:46:02,875  INFO TestDispatcherServlet:498 - FrameworkServlet '': initialization completed in 4 ms
17:47:06,836  INFO StandaloneMockMvcBuilder$StaticRequestMappingHandlerMapping:182 - Mapped "{[/system/information],methods=[],params=[],headers=[],consumes=[],produces=[application/json],custom=[]}" onto public java.util.Map dk.drb.blacktiger.controller.SystemController.getInformation()
17:47:07,046  INFO MockServletContext:430 - Initializing Spring FrameworkServlet ''
17:47:07,046  INFO TestDispatcherServlet:479 - FrameworkServlet '': initialization started
17:47:07,050  INFO TestDispatcherServlet:498 - FrameworkServlet '': initialization completed in 3 ms
17:47:07,121 DEBUG PhonebookController:29 - Got request system information.
17:49:34,028  INFO StandaloneMockMvcBuilder$StaticRequestMappingHandlerMapping:182 - Mapped "{[/system/information],methods=[],params=[],headers=[],consumes=[],produces=[application/json],custom=[]}" onto public java.util.Map dk.drb.blacktiger.controller.SystemController.getInformation()
17:49:34,229  INFO MockServletContext:430 - Initializing Spring FrameworkServlet ''
17:49:34,229  INFO TestDispatcherServlet:479 - FrameworkServlet '': initialization started
17:49:34,233  INFO TestDispatcherServlet:498 - FrameworkServlet '': initialization completed in 4 ms
17:49:34,303 DEBUG PhonebookController:29 - Got request system information.
